# JRE version: OpenJDK Runtime Environment (8.0_112-b06) (build 1.8.0_112-release-b06)
# Java VM: OpenJDK 64-Bit Server VM (25.112-b06 mixed mode windows-amd64 compressed oops)
Heap:
 PSYoungGen      total 126464K, used 4649K [0x00000000e0000000, 0x00000000e8e80000, 0x0000000100000000)
  eden space 107520K, 4% used [0x00000000e0000000,0x00000000e048a668,0x00000000e6900000)
  from space 18944K, 0% used [0x00000000e6900000,0x00000000e6900000,0x00000000e7b80000)
  to   space 15872K, 0% used [0x00000000e7b80000,0x00000000e7b80000,0x00000000e8b00000)
 ParOldGen       total 78848K, used 47364K [0x00000000a0000000, 0x00000000a4d00000, 0x00000000e0000000)
  object space 78848K, 60% used [0x00000000a0000000,0x00000000a2e41310,0x00000000a4d00000)
 Metaspace       used 57285K, capacity 59048K, committed 59264K, reserved 1099776K
  class space    used 7599K, capacity 7963K, committed 8064K, reserved 1048576K
GC Heap History (10 events):
Event: 16.575 GC heap before
{Heap before GC invocations=14 (full 2):
 PSYoungGen      total 75264K, used 72609K [0x00000000e0000000, 0x00000000e6880000, 0x0000000100000000)
  eden space 64512K, 100% used [0x00000000e0000000,0x00000000e3f00000,0x00000000e3f00000)
  from space 10752K, 75% used [0x00000000e3f00000,0x00000000e46e8640,0x00000000e4980000)
  to   space 11264K, 0% used [0x00000000e5d80000,0x00000000e5d80000,0x00000000e6880000)
 ParOldGen       total 78848K, used 15411K [0x00000000a0000000, 0x00000000a4d00000, 0x00000000e0000000)
  object space 78848K, 19% used [0x00000000a0000000,0x00000000a0f0cf10,0x00000000a4d00000)
 Metaspace       used 44424K, capacity 45450K, committed 45696K, reserved 1089536K
  class space    used 5935K, capacity 6196K, committed 6272K, reserved 1048576K
Event: 16.646 GC heap after
Heap after GC invocations=14 (full 2):
 PSYoungGen      total 94720K, used 10746K [0x00000000e0000000, 0x00000000e6c80000, 0x0000000100000000)
  eden space 83456K, 0% used [0x00000000e0000000,0x00000000e0000000,0x00000000e5180000)
  from space 11264K, 95% used [0x00000000e5d80000,0x00000000e67feb70,0x00000000e6880000)
  to   space 12288K, 0% used [0x00000000e5180000,0x00000000e5180000,0x00000000e5d80000)
 ParOldGen       total 78848K, used 15419K [0x00000000a0000000, 0x00000000a4d00000, 0x00000000e0000000)
  object space 78848K, 19% used [0x00000000a0000000,0x00000000a0f0ef10,0x00000000a4d00000)
 Metaspace       used 44424K, capacity 45450K, committed 45696K, reserved 1089536K
  class space    used 5935K, capacity 6196K, committed 6272K, reserved 1048576K
}
Event: 22.732 GC heap before
{Heap before GC invocations=15 (full 2):
 PSYoungGen      total 94720K, used 94202K [0x00000000e0000000, 0x00000000e6c80000, 0x0000000100000000)
  eden space 83456K, 100% used [0x00000000e0000000,0x00000000e5180000,0x00000000e5180000)
  from space 11264K, 95% used [0x00000000e5d80000,0x00000000e67feb70,0x00000000e6880000)
  to   space 12288K, 0% used [0x00000000e5180000,0x00000000e5180000,0x00000000e5d80000)
 ParOldGen       total 78848K, used 15419K [0x00000000a0000000, 0x00000000a4d00000, 0x00000000e0000000)
  object space 78848K, 19% used [0x00000000a0000000,0x00000000a0f0ef10,0x00000000a4d00000)
 Metaspace       used 50037K, capacity 51714K, committed 51968K, reserved 1093632K
  class space    used 6801K, capacity 7130K, committed 7168K, reserved 1048576K
Event: 22.802 GC heap after
Heap after GC invocations=15 (full 2):
 PSYoungGen      total 95744K, used 12277K [0x00000000e0000000, 0x00000000e8b00000, 0x0000000100000000)
  eden space 83456K, 0% used [0x00000000e0000000,0x00000000e0000000,0x00000000e5180000)
  from space 12288K, 99% used [0x00000000e5180000,0x00000000e5d7d5e0,0x00000000e5d80000)
  to   space 15872K, 0% used [0x00000000e7b80000,0x00000000e7b80000,0x00000000e8b00000)
 ParOldGen       total 78848K, used 20336K [0x00000000a0000000, 0x00000000a4d00000, 0x00000000e0000000)
  object space 78848K, 25% used [0x00000000a0000000,0x00000000a13dc310,0x00000000a4d00000)
 Metaspace       used 50037K, capacity 51714K, committed 51968K, reserved 1093632K
  class space    used 6801K, capacity 7130K, committed 7168K, reserved 1048576K
}
Event: 40.619 GC heap before
{Heap before GC invocations=16 (full 2):
 PSYoungGen      total 95744K, used 95733K [0x00000000e0000000, 0x00000000e8b00000, 0x0000000100000000)
  eden space 83456K, 100% used [0x00000000e0000000,0x00000000e5180000,0x00000000e5180000)
  from space 12288K, 99% used [0x00000000e5180000,0x00000000e5d7d5e0,0x00000000e5d80000)
  to   space 15872K, 0% used [0x00000000e7b80000,0x00000000e7b80000,0x00000000e8b00000)
 ParOldGen       total 78848K, used 20336K [0x00000000a0000000, 0x00000000a4d00000, 0x00000000e0000000)
  object space 78848K, 25% used [0x00000000a0000000,0x00000000a13dc310,0x00000000a4d00000)
 Metaspace       used 51674K, capacity 53392K, committed 53504K, reserved 1095680K
  class space    used 6969K, capacity 7315K, committed 7424K, reserved 1048576K
Event: 40.676 GC heap after
Heap after GC invocations=16 (full 2):
 PSYoungGen      total 123392K, used 15842K [0x00000000e0000000, 0x00000000e8e80000, 0x0000000100000000)
  eden space 107520K, 0% used [0x00000000e0000000,0x00000000e0000000,0x00000000e6900000)
  from space 15872K, 99% used [0x00000000e7b80000,0x00000000e8af88d0,0x00000000e8b00000)
  to   space 18944K, 0% used [0x00000000e6900000,0x00000000e6900000,0x00000000e7b80000)
 ParOldGen       total 78848K, used 23350K [0x00000000a0000000, 0x00000000a4d00000, 0x00000000e0000000)
  object space 78848K, 29% used [0x00000000a0000000,0x00000000a16cda88,0x00000000a4d00000)
 Metaspace       used 51674K, capacity 53392K, committed 53504K, reserved 1095680K
  class space    used 6969K, capacity 7315K, committed 7424K, reserved 1048576K
}
Event: 45.812 GC heap before
{Heap before GC invocations=17 (full 2):
 PSYoungGen      total 123392K, used 94586K [0x00000000e0000000, 0x00000000e8e80000, 0x0000000100000000)
  eden space 107520K, 73% used [0x00000000e0000000,0x00000000e4ce6238,0x00000000e6900000)
  from space 15872K, 99% used [0x00000000e7b80000,0x00000000e8af88d0,0x00000000e8b00000)
  to   space 18944K, 0% used [0x00000000e6900000,0x00000000e6900000,0x00000000e7b80000)
 ParOldGen       total 78848K, used 23350K [0x00000000a0000000, 0x00000000a4d00000, 0x00000000e0000000)
  object space 78848K, 29% used [0x00000000a0000000,0x00000000a16cda88,0x00000000a4d00000)
 Metaspace       used 57236K, capacity 58990K, committed 59160K, reserved 1099776K
  class space    used 7599K, capacity 7964K, committed 8064K, reserved 1048576K
Event: 45.860 GC heap after
Heap after GC invocations=17 (full 2):
 PSYoungGen      total 126464K, used 18935K [0x00000000e0000000, 0x00000000e8e80000, 0x0000000100000000)
  eden space 107520K, 0% used [0x00000000e0000000,0x00000000e0000000,0x00000000e6900000)
  from space 18944K, 99% used [0x00000000e6900000,0x00000000e7b7dcf8,0x00000000e7b80000)
  to   space 15872K, 0% used [0x00000000e7b80000,0x00000000e7b80000,0x00000000e8b00000)
 ParOldGen       total 78848K, used 36702K [0x00000000a0000000, 0x00000000a4d00000, 0x00000000e0000000)
  object space 78848K, 46% used [0x00000000a0000000,0x00000000a23d79a0,0x00000000a4d00000)
 Metaspace       used 57236K, capacity 58990K, committed 59160K, reserved 1099776K
  class space    used 7599K, capacity 7964K, committed 8064K, reserved 1048576K
}
Event: 45.860 GC heap before
{Heap before GC invocations=18 (full 3):
 PSYoungGen      total 126464K, used 18935K [0x00000000e0000000, 0x00000000e8e80000, 0x0000000100000000)
  eden space 107520K, 0% used [0x00000000e0000000,0x00000000e0000000,0x00000000e6900000)
  from space 18944K, 99% used [0x00000000e6900000,0x00000000e7b7dcf8,0x00000000e7b80000)
  to   space 15872K, 0% used [0x00000000e7b80000,0x00000000e7b80000,0x00000000e8b00000)
 ParOldGen       total 78848K, used 36702K [0x00000000a0000000, 0x00000000a4d00000, 0x00000000e0000000)
  object space 78848K, 46% used [0x00000000a0000000,0x00000000a23d79a0,0x00000000a4d00000)
 Metaspace       used 57236K, capacity 58990K, committed 59160K, reserved 1099776K
  class space    used 7599K, capacity 7964K, committed 8064K, reserved 1048576K
Event: 46.493 GC heap after
Heap after GC invocations=18 (full 3):
 PSYoungGen      total 126464K, used 0K [0x00000000e0000000, 0x00000000e8e80000, 0x0000000100000000)
  eden space 107520K, 0% used [0x00000000e0000000,0x00000000e0000000,0x00000000e6900000)
  from space 18944K, 0% used [0x00000000e6900000,0x00000000e6900000,0x00000000e7b80000)
  to   space 15872K, 0% used [0x00000000e7b80000,0x00000000e7b80000,0x00000000e8b00000)
 ParOldGen       total 78848K, used 47364K [0x00000000a0000000, 0x00000000a4d00000, 0x00000000e0000000)
  object space 78848K, 60% used [0x00000000a0000000,0x00000000a2e41310,0x00000000a4d00000)
 Metaspace       used 57234K, capacity 58984K, committed 59160K, reserved 1099776K
  class space    used 7599K, capacity 7963K, committed 8064K, reserved 1048576K
}

