# JRE version: OpenJDK Runtime Environment (8.0_112-b06) (build 1.8.0_112-release-b06)
# Java VM: OpenJDK 64-Bit Server VM (25.112-b06 mixed mode windows-amd64 compressed oops)
Heap:
 PSYoungGen      total 104960K, used 49892K [0x00000000e0000000, 0x00000000e9300000, 0x0000000100000000)
  eden space 95744K, 42% used [0x00000000e0000000,0x00000000e27be260,0x00000000e5d80000)
  from space 9216K, 99% used [0x00000000e5d80000,0x00000000e667b0c0,0x00000000e6680000)
  to   space 14848K, 0% used [0x00000000e8480000,0x00000000e8480000,0x00000000e9300000)
 ParOldGen       total 47616K, used 32176K [0x00000000a0000000, 0x00000000a2e80000, 0x00000000e0000000)
  object space 47616K, 67% used [0x00000000a0000000,0x00000000a1f6c2a0,0x00000000a2e80000)
 Metaspace       used 56083K, capacity 57786K, committed 57856K, reserved 1099776K
  class space    used 7560K, capacity 7904K, committed 7936K, reserved 1048576K
GC Heap History (10 events):
Event: 39.187 GC heap before
{Heap before GC invocations=15 (full 2):
 PSYoungGen      total 54272K, used 3915K [0x00000000e0000000, 0x00000000e5500000, 0x0000000100000000)
  eden space 45568K, 0% used [0x00000000e0000000,0x00000000e0000000,0x00000000e2c80000)
  from space 8704K, 44% used [0x00000000e2c80000,0x00000000e3052f30,0x00000000e3500000)
  to   space 8704K, 0% used [0x00000000e4c80000,0x00000000e4c80000,0x00000000e5500000)
 ParOldGen       total 38400K, used 13108K [0x00000000a0000000, 0x00000000a2580000, 0x00000000e0000000)
  object space 38400K, 34% used [0x00000000a0000000,0x00000000a0ccd1d0,0x00000000a2580000)
 Metaspace       used 34695K, capacity 35350K, committed 35496K, reserved 1079296K
  class space    used 4633K, capacity 4815K, committed 4864K, reserved 1048576K
Event: 39.339 GC heap after
Heap after GC invocations=15 (full 2):
 PSYoungGen      total 54272K, used 0K [0x00000000e0000000, 0x00000000e5500000, 0x0000000100000000)
  eden space 45568K, 0% used [0x00000000e0000000,0x00000000e0000000,0x00000000e2c80000)
  from space 8704K, 0% used [0x00000000e2c80000,0x00000000e2c80000,0x00000000e3500000)
  to   space 8704K, 0% used [0x00000000e4c80000,0x00000000e4c80000,0x00000000e5500000)
 ParOldGen       total 47616K, used 14261K [0x00000000a0000000, 0x00000000a2e80000, 0x00000000e0000000)
  object space 47616K, 29% used [0x00000000a0000000,0x00000000a0ded5a8,0x00000000a2e80000)
 Metaspace       used 34695K, capacity 35350K, committed 35496K, reserved 1079296K
  class space    used 4633K, capacity 4815K, committed 4864K, reserved 1048576K
}
Event: 40.650 GC heap before
{Heap before GC invocations=16 (full 2):
 PSYoungGen      total 54272K, used 45568K [0x00000000e0000000, 0x00000000e5500000, 0x0000000100000000)
  eden space 45568K, 100% used [0x00000000e0000000,0x00000000e2c80000,0x00000000e2c80000)
  from space 8704K, 0% used [0x00000000e2c80000,0x00000000e2c80000,0x00000000e3500000)
  to   space 8704K, 0% used [0x00000000e4c80000,0x00000000e4c80000,0x00000000e5500000)
 ParOldGen       total 47616K, used 14261K [0x00000000a0000000, 0x00000000a2e80000, 0x00000000e0000000)
  object space 47616K, 29% used [0x00000000a0000000,0x00000000a0ded5a8,0x00000000a2e80000)
 Metaspace       used 37244K, capacity 37968K, committed 38272K, reserved 1083392K
  class space    used 4963K, capacity 5165K, committed 5248K, reserved 1048576K
Event: 40.665 GC heap after
Heap after GC invocations=16 (full 2):
 PSYoungGen      total 73728K, used 6255K [0x00000000e0000000, 0x00000000e5300000, 0x0000000100000000)
  eden space 67072K, 0% used [0x00000000e0000000,0x00000000e0000000,0x00000000e4180000)
  from space 6656K, 93% used [0x00000000e4c80000,0x00000000e529be60,0x00000000e5300000)
  to   space 8704K, 0% used [0x00000000e4200000,0x00000000e4200000,0x00000000e4a80000)
 ParOldGen       total 47616K, used 14269K [0x00000000a0000000, 0x00000000a2e80000, 0x00000000e0000000)
  object space 47616K, 29% used [0x00000000a0000000,0x00000000a0def5a8,0x00000000a2e80000)
 Metaspace       used 37244K, capacity 37968K, committed 38272K, reserved 1083392K
  class space    used 4963K, capacity 5165K, committed 5248K, reserved 1048576K
}
Event: 44.322 GC heap before
{Heap before GC invocations=17 (full 2):
 PSYoungGen      total 73728K, used 73327K [0x00000000e0000000, 0x00000000e5300000, 0x0000000100000000)
  eden space 67072K, 100% used [0x00000000e0000000,0x00000000e4180000,0x00000000e4180000)
  from space 6656K, 93% used [0x00000000e4c80000,0x00000000e529be60,0x00000000e5300000)
  to   space 8704K, 0% used [0x00000000e4200000,0x00000000e4200000,0x00000000e4a80000)
 ParOldGen       total 47616K, used 14269K [0x00000000a0000000, 0x00000000a2e80000, 0x00000000e0000000)
  object space 47616K, 29% used [0x00000000a0000000,0x00000000a0def5a8,0x00000000a2e80000)
 Metaspace       used 42576K, capacity 43400K, committed 43648K, reserved 1087488K
  class space    used 5672K, capacity 5893K, committed 6016K, reserved 1048576K
Event: 44.336 GC heap after
Heap after GC invocations=17 (full 2):
 PSYoungGen      total 76288K, used 4553K [0x00000000e0000000, 0x00000000e6f80000, 0x0000000100000000)
  eden space 67584K, 0% used [0x00000000e0000000,0x00000000e0000000,0x00000000e4200000)
  from space 8704K, 52% used [0x00000000e4200000,0x00000000e46727f8,0x00000000e4a80000)
  to   space 8704K, 0% used [0x00000000e6700000,0x00000000e6700000,0x00000000e6f80000)
 ParOldGen       total 47616K, used 19056K [0x00000000a0000000, 0x00000000a2e80000, 0x00000000e0000000)
  object space 47616K, 40% used [0x00000000a0000000,0x00000000a129c060,0x00000000a2e80000)
 Metaspace       used 42576K, capacity 43400K, committed 43648K, reserved 1087488K
  class space    used 5672K, capacity 5893K, committed 6016K, reserved 1048576K
}
Event: 48.509 GC heap before
{Heap before GC invocations=18 (full 2):
 PSYoungGen      total 76288K, used 72137K [0x00000000e0000000, 0x00000000e6f80000, 0x0000000100000000)
  eden space 67584K, 100% used [0x00000000e0000000,0x00000000e4200000,0x00000000e4200000)
  from space 8704K, 52% used [0x00000000e4200000,0x00000000e46727f8,0x00000000e4a80000)
  to   space 8704K, 0% used [0x00000000e6700000,0x00000000e6700000,0x00000000e6f80000)
 ParOldGen       total 47616K, used 19056K [0x00000000a0000000, 0x00000000a2e80000, 0x00000000e0000000)
  object space 47616K, 40% used [0x00000000a0000000,0x00000000a129c060,0x00000000a2e80000)
 Metaspace       used 46859K, capacity 48334K, committed 48512K, reserved 1091584K
  class space    used 6357K, capacity 6686K, committed 6784K, reserved 1048576K
Event: 48.527 GC heap after
Heap after GC invocations=18 (full 2):
 PSYoungGen      total 104448K, used 8270K [0x00000000e0000000, 0x00000000e6f80000, 0x0000000100000000)
  eden space 95744K, 0% used [0x00000000e0000000,0x00000000e0000000,0x00000000e5d80000)
  from space 8704K, 95% used [0x00000000e6700000,0x00000000e6f13a58,0x00000000e6f80000)
  to   space 9216K, 0% used [0x00000000e5d80000,0x00000000e5d80000,0x00000000e6680000)
 ParOldGen       total 47616K, used 20555K [0x00000000a0000000, 0x00000000a2e80000, 0x00000000e0000000)
  object space 47616K, 43% used [0x00000000a0000000,0x00000000a1412e30,0x00000000a2e80000)
 Metaspace       used 46859K, capacity 48334K, committed 48512K, reserved 1091584K
  class space    used 6357K, capacity 6686K, committed 6784K, reserved 1048576K
}
Event: 58.465 GC heap before
{Heap before GC invocations=19 (full 2):
 PSYoungGen      total 104448K, used 104014K [0x00000000e0000000, 0x00000000e6f80000, 0x0000000100000000)
  eden space 95744K, 100% used [0x00000000e0000000,0x00000000e5d80000,0x00000000e5d80000)
  from space 8704K, 95% used [0x00000000e6700000,0x00000000e6f13a58,0x00000000e6f80000)
  to   space 9216K, 0% used [0x00000000e5d80000,0x00000000e5d80000,0x00000000e6680000)
 ParOldGen       total 47616K, used 20555K [0x00000000a0000000, 0x00000000a2e80000, 0x00000000e0000000)
  object space 47616K, 43% used [0x00000000a0000000,0x00000000a1412e30,0x00000000a2e80000)
 Metaspace       used 54451K, capacity 56092K, committed 56192K, reserved 1097728K
  class space    used 7372K, capacity 7717K, committed 7808K, reserved 1048576K
Event: 58.529 GC heap after
Heap after GC invocations=19 (full 2):
 PSYoungGen      total 104960K, used 9196K [0x00000000e0000000, 0x00000000e9300000, 0x0000000100000000)
  eden space 95744K, 0% used [0x00000000e0000000,0x00000000e0000000,0x00000000e5d80000)
  from space 9216K, 99% used [0x00000000e5d80000,0x00000000e667b0c0,0x00000000e6680000)
  to   space 14848K, 0% used [0x00000000e8480000,0x00000000e8480000,0x00000000e9300000)
 ParOldGen       total 47616K, used 32176K [0x00000000a0000000, 0x00000000a2e80000, 0x00000000e0000000)
  object space 47616K, 67% used [0x00000000a0000000,0x00000000a1f6c2a0,0x00000000a2e80000)
 Metaspace       used 54451K, capacity 56092K, committed 56192K, reserved 1097728K
  class space    used 7372K, capacity 7717K, committed 7808K, reserved 1048576K
}

